\BOOKMARK [1][-]{section*.1}{Constants}{}% 1
\BOOKMARK [1][-]{section*.2}{Identities}{}% 2
\BOOKMARK [2][-]{section*.3}{Electromagnetic Spectrum}{section*.2}% 3
\BOOKMARK [1][-]{section*.4}{Waves and Phasors}{}% 4
\BOOKMARK [1][-]{section*.5}{Transmission Line Equations}{}% 5
\BOOKMARK [2][-]{section*.6}{Lossless Line}{section*.5}% 6
\BOOKMARK [2][-]{section*.7}{Wave Impedance}{section*.5}% 7
\BOOKMARK [2][-]{section*.8}{Special Cases}{section*.5}% 8
\BOOKMARK [2][-]{section*.9}{Power}{section*.5}% 9
\BOOKMARK [1][-]{section*.10}{Text properties}{}% 10
\BOOKMARK [2][-]{section*.11}{Font face}{section*.10}% 11
\BOOKMARK [2][-]{section*.12}{Font size}{section*.10}% 12
\BOOKMARK [2][-]{section*.13}{Verbatim text}{section*.10}% 13
\BOOKMARK [2][-]{section*.14}{Justification}{section*.10}% 14
\BOOKMARK [2][-]{section*.15}{Miscellaneous}{section*.10}% 15
\BOOKMARK [1][-]{section*.16}{Text-mode symbols}{}% 16
\BOOKMARK [2][-]{section*.17}{Symbols}{section*.16}% 17
\BOOKMARK [2][-]{section*.18}{Accents}{section*.16}% 18
\BOOKMARK [2][-]{section*.19}{Delimiters}{section*.16}% 19
\BOOKMARK [2][-]{section*.20}{Dashes}{section*.16}% 20
\BOOKMARK [2][-]{section*.21}{Line and page breaks}{section*.16}% 21
\BOOKMARK [2][-]{section*.22}{Miscellaneous}{section*.16}% 22
\BOOKMARK [1][-]{section*.23}{Tabular environments}{}% 23
\BOOKMARK [2][-]{section*.24}{tabbing environment}{section*.23}% 24
\BOOKMARK [2][-]{section*.25}{tabular environment}{section*.23}% 25
\BOOKMARK [3][-]{section*.26}{tabular column specification}{section*.25}% 26
\BOOKMARK [3][-]{section*.27}{tabular elements}{section*.25}% 27
\BOOKMARK [1][-]{section*.28}{Math mode}{}% 28
\BOOKMARK [2][-]{section*.29}{Math-mode symbols}{section*.28}% 29
\BOOKMARK [1][-]{section*.30}{Bibliography and citations}{}% 30
\BOOKMARK [2][-]{section*.31}{Citation types}{section*.30}% 31
\BOOKMARK [2][-]{section*.32}{BibT.7exEX entry types}{section*.30}% 32
\BOOKMARK [2][-]{section*.33}{BibT.7exEX fields}{section*.30}% 33
\BOOKMARK [2][-]{section*.34}{Common BibT.7exEX style files}{section*.30}% 34
\BOOKMARK [2][-]{section*.35}{BibT.7exEX example}{section*.30}% 35
\BOOKMARK [1][-]{section*.36}{Sample LaTeX document}{}% 36
